<?xml version="1.0" encoding="UTF-8" ?>
<testsuite tests="6" failures="0" name="com.coding.test.paypay.AppTest" time="0.021" errors="0" skipped="0">
  <properties>
[...]
</properties>
  <testcase classname="com.coding.test.paypay.AppTest" name="testEmptyDequeue" time="0.009"/>
  <testcase classname="com.coding.test.paypay.AppTest" name="testEnqueDeque" time="0.001"/>
  <testcase classname="com.coding.test.paypay.AppTest" name="testIteration" time="0.005"/>
  <testcase classname="com.coding.test.paypay.AppTest" name="testHead" time="0.001"/>
  <testcase classname="com.coding.test.paypay.AppTest" name="testSize" time="0.001"/>
  <testcase classname="com.coding.test.paypay.AppTest" name="testAllEnqueDeque" time="0.004"/>
</testsuite>